app/build/outputs/logs/manifest-merger-debug-report.txt
-- Merging decision tree log ---
manifest
ADDED from src\main\AndroidManifest.xml:2:1-92:12
	package
		ADDED from src\main\AndroidManifest.xml:3:11-30
		INJECTED from src\main\AndroidManifest.xml
		INJECTED from src\main\AndroidManifest.xml
	android:versionName
		ADDED from src\main\AndroidManifest.xml:5:11-36
		INJECTED from src\main\AndroidManifest.xml
		INJECTED from src\main\AndroidManifest.xml
	android:versionCode
		ADDED from src\main\AndroidManifest.xml:4:11-34
		INJECTED from src\main\AndroidManifest.xml
		INJECTED from src\main\AndroidManifest.xml
	xmlns:android
		ADDED from src\main\AndroidManifest.xml:2:11-69
uses-permission#android.permission.INTERNET
ADDED from src\main\AndroidManifest.xml:8:5-66
MERGED from [com.getui:sdk:2.9.5.0] AndroidManifest.xml:11:5-67
	android:name
		ADDED from src\main\AndroidManifest.xml:8:22-64
uses-permission#android.permission.CAMERA
ADDED from src\main\AndroidManifest.xml:10:5-64
	android:name
		ADDED from src\main\AndroidManifest.xml:10:22-62
uses-permission#android.permission.ACCESS_NETWORK_STATE
ADDED from src\main\AndroidManifest.xml:12:5-78
MERGED from [com.getui:sdk:2.9.5.0] AndroidManifest.xml:13:5-79
	android:name
		ADDED from src\main\AndroidManifest.xml:12:22-76
uses-permission#android.permission.KILL_BACKGROUND_PROCESSES
ADDED from src\main\AndroidManifest.xml:14:5-83
	android:name
		ADDED from src\main\AndroidManifest.xml:14:22-81
uses-permission#android.permission.ACCESS_WIFI_STATE
ADDED from src\main\AndroidManifest.xml:16:5-75
MERGED from [com.getui:sdk:2.9.5.0] AndroidManifest.xml:15:5-76
	android:name
		ADDED from src\main\AndroidManifest.xml:16:22-73
uses-permission#android.permission.CHANGE_WIFI_STATE
ADDED from src\main\AndroidManifest.xml:17:5-75
MERGED from [com.getui:sdk:2.9.5.0] AndroidManifest.xml:14:5-76
	android:name
		ADDED from src\main\AndroidManifest.xml:17:22-73
uses-permission#android.permission.READ_LOGS
ADDED from src\main\AndroidManifest.xml:18:5-67
	android:name
		ADDED from src\main\AndroidManifest.xml:18:22-65
uses-permission#android.permission.MOUNT_UNMOUNT_FILESYSTEMS
ADDED from src\main\AndroidManifest.xml:19:5-83
	android:name
		ADDED from src\main\AndroidManifest.xml:19:22-81
uses-permission#android.permission.WRITE_EXTERNAL_STORAGE
ADDED from src\main\AndroidManifest.xml:20:5-80
MERGED from [com.getui:sdk:2.9.5.0] AndroidManifest.xml:18:5-81
	android:name
		ADDED from src\main\AndroidManifest.xml:20:22-78
uses-permission#android.permission.READ_EXTERNAL_STORAGE
ADDED from src\main\AndroidManifest.xml:21:5-79
	android:name
		ADDED from src\main\AndroidManifest.xml:21:22-77
uses-permission#android.permission.RECORD_AUDIO
ADDED from src\main\AndroidManifest.xml:22:5-70
	android:name
		ADDED from src\main\AndroidManifest.xml:22:22-68
application
ADDED from src\main\AndroidManifest.xml:27:5-90:19
MERGED from [com.android.support:cardview-v7:25.0.1] AndroidManifest.xml:22:5-20
MERGED from [com.android.support:design:25.0.1] AndroidManifest.xml:25:5-20
MERGED from [com.android.support:appcompat-v7:25.0.1] AndroidManifest.xml:25:5-20
MERGED from [com.android.support:animated-vector-drawable:25.0.1] AndroidManifest.xml:22:5-20
MERGED from [com.android.support:support-vector-drawable:25.0.1] AndroidManifest.xml:23:5-20
MERGED from [com.android.support:transition:25.0.1] AndroidManifest.xml:22:5-20
MERGED from [com.android.support:support-v4:25.0.1] AndroidManifest.xml:25:5-20
MERGED from [com.android.support:support-fragment:25.0.1] AndroidManifest.xml:25:5-20
MERGED from [com.android.support:support-media-compat:25.0.1] AndroidManifest.xml:25:5-20
MERGED from [com.android.support:support-core-ui:25.0.1] AndroidManifest.xml:25:5-20
MERGED from [com.android.support:support-core-utils:25.0.1] AndroidManifest.xml:25:5-20
MERGED from [com.android.support:support-compat:25.0.1] AndroidManifest.xml:25:5-20
MERGED from [com.getui:sdk:2.9.5.0] AndroidManifest.xml:32:5-98:19
	android:label
		ADDED from src\main\AndroidManifest.xml:32:9-41
	android:hardwareAccelerated
		ADDED from src\main\AndroidManifest.xml:30:9-43
	android:allowBackup
		ADDED from src\main\AndroidManifest.xml:29:9-35
	android:icon
		ADDED from src\main\AndroidManifest.xml:31:9-38
	android:largeHeap
		ADDED from src\main\AndroidManifest.xml:33:9-33
	android:theme
		ADDED from src\main\AndroidManifest.xml:34:9-40
	android:name
		ADDED from src\main\AndroidManifest.xml:28:9-33
activity#com.gdmss.activities.AcLoading
ADDED from src\main\AndroidManifest.xml:36:9-44:20
	android:theme
		ADDED from src\main\AndroidManifest.xml:38:13-43
	android:name
		ADDED from src\main\AndroidManifest.xml:37:13-49
intent-filter#android.intent.action.MAIN+android.intent.category.LAUNCHER
ADDED from src\main\AndroidManifest.xml:39:13-43:29
action#android.intent.action.MAIN
ADDED from src\main\AndroidManifest.xml:40:17-68
	android:name
		ADDED from src\main\AndroidManifest.xml:40:25-66
category#android.intent.category.LAUNCHER
ADDED from src\main\AndroidManifest.xml:42:17-76
	android:name
		ADDED from src\main\AndroidManifest.xml:42:27-74
activity#com.gdmss.activities.AcLogin
ADDED from src\main\AndroidManifest.xml:45:9-47:46
	android:launchMode
		ADDED from src\main\AndroidManifest.xml:47:13-44
	android:name
		ADDED from src\main\AndroidManifest.xml:46:13-47
activity#com.gdmss.activities.AcChooseDevice
ADDED from src\main\AndroidManifest.xml:48:9-62
	android:name
		ADDED from src\main\AndroidManifest.xml:48:19-60
activity#com.gdmss.dialog.AcAddFavorite
ADDED from src\main\AndroidManifest.xml:49:9-57
	android:name
		ADDED from src\main\AndroidManifest.xml:49:19-55
activity#com.gdmss.activities.AcMain
ADDED from src\main\AndroidManifest.xml:50:9-54
	android:name
		ADDED from src\main\AndroidManifest.xml:50:19-52
activity#com.gdmss.activities.AcAddDevice
ADDED from src\main\AndroidManifest.xml:51:9-59
	android:name
		ADDED from src\main\AndroidManifest.xml:51:19-57
activity#com.gdmss.activities.AcAddP2p
ADDED from src\main\AndroidManifest.xml:52:9-56
	android:name
		ADDED from src\main\AndroidManifest.xml:52:19-54
activity#com.gdmss.activities.AcAddIP
ADDED from src\main\AndroidManifest.xml:53:9-55
	android:name
		ADDED from src\main\AndroidManifest.xml:53:19-53
activity#com.gdmss.activities.AcQRCode
ADDED from src\main\AndroidManifest.xml:54:9-56
	android:name
		ADDED from src\main\AndroidManifest.xml:54:19-54
activity#com.gdmss.activities.AcPtzSetting
ADDED from src\main\AndroidManifest.xml:55:9-60
	android:name
		ADDED from src\main\AndroidManifest.xml:55:19-58
activity#com.gdmss.activities.AcImageViewer
ADDED from src\main\AndroidManifest.xml:56:9-61
	android:name
		ADDED from src\main\AndroidManifest.xml:56:19-59
activity#com.gdmss.activities.AcCode
ADDED from src\main\AndroidManifest.xml:57:9-54
	android:name
		ADDED from src\main\AndroidManifest.xml:57:19-52
activity#com.gdmss.activities.AcModifyPassword
ADDED from src\main\AndroidManifest.xml:58:9-64
	android:name
		ADDED from src\main\AndroidManifest.xml:58:19-62
activity#com.gdmss.activities.AcDeviceSetting
ADDED from src\main\AndroidManifest.xml:59:9-63
	android:name
		ADDED from src\main\AndroidManifest.xml:59:19-61
activity#com.gdmss.activities.AcModifyDevicePassword
ADDED from src\main\AndroidManifest.xml:60:9-70
	android:name
		ADDED from src\main\AndroidManifest.xml:60:19-68
activity#com.gdmss.activities.AcModifyDeviceTime
ADDED from src\main\AndroidManifest.xml:61:9-66
	android:name
		ADDED from src\main\AndroidManifest.xml:61:19-64
activity#com.gdmss.activities.AcCameraSetting
ADDED from src\main\AndroidManifest.xml:62:9-63
	android:name
		ADDED from src\main\AndroidManifest.xml:62:19-61
activity#com.gdmss.activities.AcModifyName
ADDED from src\main\AndroidManifest.xml:63:9-60
	android:name
		ADDED from src\main\AndroidManifest.xml:63:19-58
activity#com.gdmss.activities.AcChoosePlayBackDevice
ADDED from src\main\AndroidManifest.xml:64:9-70
	android:name
		ADDED from src\main\AndroidManifest.xml:64:19-68
activity#com.gdmss.activities.AcRegister
ADDED from src\main\AndroidManifest.xml:65:9-58
	android:name
		ADDED from src\main\AndroidManifest.xml:65:19-56
activity#com.gdmss.activities.AcForgetPassword
ADDED from src\main\AndroidManifest.xml:66:9-64
	android:name
		ADDED from src\main\AndroidManifest.xml:66:19-62
activity#com.gdmss.activities.AcCameraParams
ADDED from src\main\AndroidManifest.xml:67:9-62
	android:name
		ADDED from src\main\AndroidManifest.xml:67:19-60
activity#com.gdmss.activities.AcWifiList
ADDED from src\main\AndroidManifest.xml:68:9-58
	android:name
		ADDED from src\main\AndroidManifest.xml:68:19-56
activity#com.gdmss.activities.AcSearchLocalDevice
ADDED from src\main\AndroidManifest.xml:69:9-67
	android:name
		ADDED from src\main\AndroidManifest.xml:69:19-65
activity#com.gdmss.activities.AcAlarmSetting
ADDED from src\main\AndroidManifest.xml:70:9-62
	android:name
		ADDED from src\main\AndroidManifest.xml:70:19-60
activity#com.gdmss.activities.AcLocalSetting
ADDED from src\main\AndroidManifest.xml:71:9-62
	android:name
		ADDED from src\main\AndroidManifest.xml:71:19-60
activity#com.gdmss.activities.AcAbout
ADDED from src\main\AndroidManifest.xml:72:9-55
	android:name
		ADDED from src\main\AndroidManifest.xml:72:19-53
activity#com.gdmss.activities.AcAccountManage
ADDED from src\main\AndroidManifest.xml:73:9-63
	android:name
		ADDED from src\main\AndroidManifest.xml:73:19-61
activity#com.gdmss.activities.AcLocalVideoPlayer
ADDED from src\main\AndroidManifest.xml:74:9-77:49
	android:screenOrientation
		ADDED from src\main\AndroidManifest.xml:77:13-47
	android:configChanges
		ADDED from src\main\AndroidManifest.xml:76:13-59
	android:name
		ADDED from src\main\AndroidManifest.xml:75:13-58
receiver#com.utils.RefreshReceiver
ADDED from src\main\AndroidManifest.xml:79:9-83:20
	android:name
		ADDED from src\main\AndroidManifest.xml:79:19-59
intent-filter#refresh
ADDED from src\main\AndroidManifest.xml:80:13-82:29
	android:priority
		ADDED from src\main\AndroidManifest.xml:80:28-51
action#refresh
ADDED from src\main\AndroidManifest.xml:81:17-49
	android:name
		ADDED from src\main\AndroidManifest.xml:81:25-47
service#com.utils.AlarmService
ADDED from src\main\AndroidManifest.xml:85:9-88:45
	android:process
		ADDED from src\main\AndroidManifest.xml:88:13-43
	android:exported
		ADDED from src\main\AndroidManifest.xml:87:13-36
	android:name
		ADDED from src\main\AndroidManifest.xml:86:13-50
service#com.utils.AlarmIntentService
ADDED from src\main\AndroidManifest.xml:89:9-63
	android:name
		ADDED from src\main\AndroidManifest.xml:89:18-61
uses-sdk
INJECTED from src\main\AndroidManifest.xml reason: use-sdk injection requested
MERGED from [com.android.support:cardview-v7:25.0.1] AndroidManifest.xml:20:5-43
MERGED from [com.android.support:design:25.0.1] AndroidManifest.xml:21:5-23:62
MERGED from [com.android.support:appcompat-v7:25.0.1] AndroidManifest.xml:21:5-23:78
MERGED from [com.android.support:animated-vector-drawable:25.0.1] AndroidManifest.xml:20:5-44
MERGED from [com.android.support:support-vector-drawable:25.0.1] AndroidManifest.xml:21:5-43
MERGED from [com.android.support:recyclerview-v7:25.0.1] AndroidManifest.xml:20:5-43
MERGED from [com.android.support:transition:25.0.1] AndroidManifest.xml:20:5-44
MERGED from [com.android.support:support-v4:25.0.1] AndroidManifest.xml:21:5-23:54
MERGED from [com.android.support:support-fragment:25.0.1] AndroidManifest.xml:21:5-23:60
MERGED from [com.android.support:support-media-compat:25.0.1] AndroidManifest.xml:21:5-23:63
MERGED from [com.android.support:support-core-ui:25.0.1] AndroidManifest.xml:21:5-23:58
MERGED from [com.android.support:support-core-utils:25.0.1] AndroidManifest.xml:21:5-23:61
MERGED from [com.android.support:support-compat:25.0.1] AndroidManifest.xml:21:5-23:58
MERGED from [com.zcw:togglebutton-library:1.0.0] AndroidManifest.xml:7:5-9:41
MERGED from [com.jakewharton:butterknife:8.4.0] AndroidManifest.xml:5:5-43
MERGED from [com.daasuu:BubbleLayout:1.1.1] AndroidManifest.xml:8:5-10:41
MERGED from [com.getui:sdk:2.9.5.0] AndroidManifest.xml:7:5-9:41
	tools:overrideLibrary
		ADDED from [com.android.support:design:25.0.1] AndroidManifest.xml:23:9-59
	android:targetSdkVersion
		INJECTED from src\main\AndroidManifest.xml
		INJECTED from src\main\AndroidManifest.xml
	android:minSdkVersion
		INJECTED from src\main\AndroidManifest.xml
		INJECTED from src\main\AndroidManifest.xml
uses-permission#android.permission.READ_PHONE_STATE
ADDED from [com.getui:sdk:2.9.5.0] AndroidManifest.xml:12:5-75
	android:name
		ADDED from [com.getui:sdk:2.9.5.0] AndroidManifest.xml:12:22-72
uses-permission#android.permission.WAKE_LOCK
ADDED from [com.getui:sdk:2.9.5.0] AndroidManifest.xml:16:5-68
	android:name
		ADDED from [com.getui:sdk:2.9.5.0] AndroidManifest.xml:16:22-65
uses-permission#android.permission.RECEIVE_BOOT_COMPLETED
ADDED from [com.getui:sdk:2.9.5.0] AndroidManifest.xml:17:5-81
	android:name
		ADDED from [com.getui:sdk:2.9.5.0] AndroidManifest.xml:17:22-78
uses-permission#android.permission.VIBRATE
ADDED from [com.getui:sdk:2.9.5.0] AndroidManifest.xml:19:5-66
	android:name
		ADDED from [com.getui:sdk:2.9.5.0] AndroidManifest.xml:19:22-63
uses-permission#android.permission.GET_TASKS
ADDED from [com.getui:sdk:2.9.5.0] AndroidManifest.xml:20:5-68
	android:name
		ADDED from [com.getui:sdk:2.9.5.0] AndroidManifest.xml:20:22-65
uses-permission#android.permission.SYSTEM_ALERT_WINDOW
ADDED from [com.getui:sdk:2.9.5.0] AndroidManifest.xml:23:5-78
	android:name
		ADDED from [com.getui:sdk:2.9.5.0] AndroidManifest.xml:23:22-75
uses-permission#getui.permission.GetuiService.${applicationId}
ADDED from [com.getui:sdk:2.9.5.0] AndroidManifest.xml:26:5-86
	android:name
		ADDED from [com.getui:sdk:2.9.5.0] AndroidManifest.xml:26:22-83
permission#getui.permission.GetuiService.${applicationId}
ADDED from [com.getui:sdk:2.9.5.0] AndroidManifest.xml:28:5-30:44
	android:protectionLevel
		ADDED from [com.getui:sdk:2.9.5.0] AndroidManifest.xml:30:9-41
	android:name
		ADDED from [com.getui:sdk:2.9.5.0] AndroidManifest.xml:29:9-70
meta-data#PUSH_APPID
ADDED from [com.getui:sdk:2.9.5.0] AndroidManifest.xml:35:9-37:47
	android:value
		ADDED from [com.getui:sdk:2.9.5.0] AndroidManifest.xml:37:13-44
	android:name
		ADDED from [com.getui:sdk:2.9.5.0] AndroidManifest.xml:36:13-38
meta-data#PUSH_APPKEY
ADDED from [com.getui:sdk:2.9.5.0] AndroidManifest.xml:38:9-40:48
	android:value
		ADDED from [com.getui:sdk:2.9.5.0] AndroidManifest.xml:40:13-45
	android:name
		ADDED from [com.getui:sdk:2.9.5.0] AndroidManifest.xml:39:13-39
meta-data#PUSH_APPSECRET
ADDED from [com.getui:sdk:2.9.5.0] AndroidManifest.xml:41:9-43:51
	android:value
		ADDED from [com.getui:sdk:2.9.5.0] AndroidManifest.xml:43:13-48
	android:name
		ADDED from [com.getui:sdk:2.9.5.0] AndroidManifest.xml:42:13-42
service#com.igexin.sdk.PushService
ADDED from [com.getui:sdk:2.9.5.0] AndroidManifest.xml:46:9-54:19
	android:process
		ADDED from [com.getui:sdk:2.9.5.0] AndroidManifest.xml:50:13-43
	android:label
		ADDED from [com.getui:sdk:2.9.5.0] AndroidManifest.xml:49:13-47
	android:exported
		ADDED from [com.getui:sdk:2.9.5.0] AndroidManifest.xml:48:13-36
	android:name
		ADDED from [com.getui:sdk:2.9.5.0] AndroidManifest.xml:47:13-54
intent-filter#com.igexin.sdk.action.service.message
ADDED from [com.getui:sdk:2.9.5.0] AndroidManifest.xml:51:13-53:29
action#com.igexin.sdk.action.service.message
ADDED from [com.getui:sdk:2.9.5.0] AndroidManifest.xml:52:17-80
	android:name
		ADDED from [com.getui:sdk:2.9.5.0] AndroidManifest.xml:52:25-77
receiver#com.igexin.sdk.PushReceiver
ADDED from [com.getui:sdk:2.9.5.0] AndroidManifest.xml:56:9-66:20
	android:name
		ADDED from [com.getui:sdk:2.9.5.0] AndroidManifest.xml:56:19-61
intent-filter#android.intent.action.ACTION_POWER_CONNECTED+android.intent.action.ACTION_POWER_DISCONNECTED+android.intent.action.BOOT_COMPLETED+android.intent.action.MEDIA_MOUNTED+android.intent.action.USER_PRESENT+android.net.conn.CONNECTIVITY_CHANGE+com.igexin.sdk.action.refreshls
ADDED from [com.getui:sdk:2.9.5.0] AndroidManifest.xml:57:13-65:29
action#android.intent.action.BOOT_COMPLETED
ADDED from [com.getui:sdk:2.9.5.0] AndroidManifest.xml:58:17-79
	android:name
		ADDED from [com.getui:sdk:2.9.5.0] AndroidManifest.xml:58:25-76
action#android.net.conn.CONNECTIVITY_CHANGE
ADDED from [com.getui:sdk:2.9.5.0] AndroidManifest.xml:59:17-79
	android:name
		ADDED from [com.getui:sdk:2.9.5.0] AndroidManifest.xml:59:25-76
action#android.intent.action.USER_PRESENT
ADDED from [com.getui:sdk:2.9.5.0] AndroidManifest.xml:60:17-77
	android:name
		ADDED from [com.getui:sdk:2.9.5.0] AndroidManifest.xml:60:25-74
action#com.igexin.sdk.action.refreshls
ADDED from [com.getui:sdk:2.9.5.0] AndroidManifest.xml:61:17-74
	android:name
		ADDED from [com.getui:sdk:2.9.5.0] AndroidManifest.xml:61:25-71
action#android.intent.action.MEDIA_MOUNTED
ADDED from [com.getui:sdk:2.9.5.0] AndroidManifest.xml:62:17-78
	android:name
		ADDED from [com.getui:sdk:2.9.5.0] AndroidManifest.xml:62:25-75
action#android.intent.action.ACTION_POWER_CONNECTED
ADDED from [com.getui:sdk:2.9.5.0] AndroidManifest.xml:63:17-87
	android:name
		ADDED from [com.getui:sdk:2.9.5.0] AndroidManifest.xml:63:25-84
action#android.intent.action.ACTION_POWER_DISCONNECTED
ADDED from [com.getui:sdk:2.9.5.0] AndroidManifest.xml:64:17-90
	android:name
		ADDED from [com.getui:sdk:2.9.5.0] AndroidManifest.xml:64:25-87
activity#com.igexin.sdk.PushActivity
ADDED from [com.getui:sdk:2.9.5.0] AndroidManifest.xml:68:9-74:75
	android:process
		ADDED from [com.getui:sdk:2.9.5.0] AndroidManifest.xml:72:13-43
	android:excludeFromRecents
		ADDED from [com.getui:sdk:2.9.5.0] AndroidManifest.xml:70:13-46
	android:exported
		ADDED from [com.getui:sdk:2.9.5.0] AndroidManifest.xml:71:13-37
	android:theme
		ADDED from [com.getui:sdk:2.9.5.0] AndroidManifest.xml:74:13-72
	android:taskAffinity
		ADDED from [com.getui:sdk:2.9.5.0] AndroidManifest.xml:73:13-67
	android:name
		ADDED from [com.getui:sdk:2.9.5.0] AndroidManifest.xml:69:13-55
activity#com.igexin.sdk.GActivity
ADDED from [com.getui:sdk:2.9.5.0] AndroidManifest.xml:75:9-81:75
	android:process
		ADDED from [com.getui:sdk:2.9.5.0] AndroidManifest.xml:79:13-43
	android:excludeFromRecents
		ADDED from [com.getui:sdk:2.9.5.0] AndroidManifest.xml:77:13-46
	android:exported
		ADDED from [com.getui:sdk:2.9.5.0] AndroidManifest.xml:78:13-36
	android:theme
		ADDED from [com.getui:sdk:2.9.5.0] AndroidManifest.xml:81:13-72
	android:taskAffinity
		ADDED from [com.getui:sdk:2.9.5.0] AndroidManifest.xml:80:13-67
	android:name
		ADDED from [com.getui:sdk:2.9.5.0] AndroidManifest.xml:76:13-52
service#com.igexin.download.DownloadService
ADDED from [com.getui:sdk:2.9.5.0] AndroidManifest.xml:83:9-85:46
	android:process
		ADDED from [com.getui:sdk:2.9.5.0] AndroidManifest.xml:85:13-43
	android:name
		ADDED from [com.getui:sdk:2.9.5.0] AndroidManifest.xml:84:13-63
receiver#com.igexin.download.DownloadReceiver
ADDED from [com.getui:sdk:2.9.5.0] AndroidManifest.xml:87:9-91:20
	android:name
		ADDED from [com.getui:sdk:2.9.5.0] AndroidManifest.xml:87:19-70
intent-filter#android.net.conn.CONNECTIVITY_CHANGE
ADDED from [com.getui:sdk:2.9.5.0] AndroidManifest.xml:88:13-90:29
provider#com.igexin.download.DownloadProvider
ADDED from [com.getui:sdk:2.9.5.0] AndroidManifest.xml:93:9-97:46
	android:authorities
		ADDED from [com.getui:sdk:2.9.5.0] AndroidManifest.xml:95:13-61
	android:process
		ADDED from [com.getui:sdk:2.9.5.0] AndroidManifest.xml:97:13-43
	android:exported
		ADDED from [com.getui:sdk:2.9.5.0] AndroidManifest.xml:96:13-36
	android:name
		ADDED from [com.getui:sdk:2.9.5.0] AndroidManifest.xml:94:13-64